app/proguard-rules.pro
# Add project specific ProGuard rules here.
# You can control the set of applied configuration files using the
# proguardFiles setting in build.gradle.
#
# For more details, see
#   http://developer.android.com/guide/developing/tools/proguard.html

# If your project uses WebView with JS, uncomment the following
# and specify the fully qualified class name to the JavaScript interface
# class:
#-keepclassmembers class fqcn.of.javascript.interface.for.webview {
#   public *;
#}

# Uncomment this to preserve the line number information for
# debugging stack traces.
#-keepattributes SourceFile,LineNumberTable

# If you keep the line number information, uncomment this to
# hide the original source file name.
#-renamesourcefileattribute SourceFile
#指定代码的压缩级别
-optimizationpasses 5

#包明不混合大小写
-dontusemixedcaseclassnames

#不去忽略非公共的库类
-dontskipnonpubliclibraryclasses

-dontskipnonpubliclibraryclassmembers

 #预校验
-dontpreverify

##记录生成的日志数据,gradle build时在本项目根目录输出##
#apk 包内所有 class 的内部结构
-dump class_files.txt
#未混淆的类和成员
-printseeds seeds.txt
#列出从 apk 中删除的代码
-printusage unused.txt
#混淆前后的映射
-printmapping mapping.txt
########记录生成的日志数据，gradle build时 在本项目根目录输出-end#####

 # 混淆时所采用的算法
-optimizations !code/simplification/arithmetic,!field/*,!class/merging/*

## Retrofit2 ##
-dontwarn okio.**
-dontwarn javax.annotation.**
# Platform calls Class.forName on types which do not exist on Android to determine platform.
-dontnote retrofit2.Platform
# Platform used when running on Java 8 VMs. Will not be used at runtime.
-dontwarn retrofit2.Platform$Java8
# Retain generic type information for use by reflection by converters and adapters.
-keepattributes Signature
# Retain declared checked exceptions for use by a Proxy instance.
-keepattributes Exceptions
## yanzhenjie:permission ##
-keepclassmembers class ** {
    @com.yanzhenjie.permission.PermissionYes <methods>;
}
-keepclassmembers class ** {
    @com.yanzhenjie.permission.PermissionNo <methods>;
}
## RxCache ##
-dontwarn io.rx_cache2.internal.**
-keepclassmembers enum io.rx_cache2.Source { *; }
-keepclassmembernames class * { @io.rx_cache2.* <methods>; }

##---------------Begin: proguard configuration for Gson  ----------
# Gson uses generic type information stored in a class file when working with fields. Proguard
# removes such information by default, so configure it to keep all of it.
-keepattributes Signature

# For using GSON @Expose annotation
-keepattributes *Annotation*

# Gson specific classes
-dontwarn sun.misc.**
#-keep class com.google.gson.stream.** { *; }

# Application classes that will be serialized/deserialized over Gson
-keep class com.google.gson.examples.android.model.** { *; }

# Prevent proguard from stripping interface information from TypeAdapterFactory,
# JsonSerializer, JsonDeserializer instances (so they can be used in @JsonAdapter)
-keep class * implements com.google.gson.TypeAdapterFactory
-keep class * implements com.google.gson.JsonSerializer
-keep class * implements com.google.gson.JsonDeserializer

##---------------End: proguard configuration for Gson  ----------
# RxJava RxAndroid
-dontwarn sun.misc.**
-keepclassmembers class rx.internal.util.unsafe.*ArrayQueue*Field* {
    long producerIndex;
    long consumerIndex;
}
-keepclassmembers class rx.internal.util.unsafe.BaseLinkedQueueProducerNodeRef {
    rx.internal.util.atomic.LinkedQueueNode producerNode;
}
-keepclassmembers class rx.internal.util.unsafe.BaseLinkedQueueConsumerNodeRef {
    rx.internal.util.atomic.LinkedQueueNode consumerNode;
}

# OkHttp3
-dontwarn okhttp3.**
-keep class okhttp3.**{*;}
-dontwarn okio.**

#butterknife
-keep class butterknife.** { *; }
-dontwarn butterknife.internal.**
-keep class **$$ViewBinder { *; }

#保持枚举 enum 类不被混淆
-keepclassmembers enum * {
  public static **[] values();
  public static ** valueOf(java.lang.String);
}

-keepclassmembers class * {
    public void *ButtonClicked(android.view.View);
}

#不混淆资源类
-keepclassmembers class **.R$* {
    public static <fields>;
}

#保持 Serializable 不被混淆
-keepnames class * implements java.io.Serializable

#保持 Serializable 不被混淆并且enum 类也不被混淆
-keepclassmembers class * implements java.io.Serializable {
    static final long serialVersionUID;
    private static final java.io.ObjectStreamField[] serialPersistentFields;
    !static !transient <fields>;
    !private <fields>;
    !private <methods>;
    private void writeObject(java.io.ObjectOutputStream);
    private void readObject(java.io.ObjectInputStream);
    java.lang.Object writeReplace();
    java.lang.Object readResolve();
}

-keep public class * extends android.view.View {
    public <init>(android.content.Context);
    public <init>(android.content.Context, android.util.AttributeSet);
    public <init>(android.content.Context, android.util.AttributeSet, int);
    public void set*(...);
    public void get*(...);
}

#保持 Parcelable 不被混淆
-keep class * implements android.os.Parcelable {
  public static final android.os.Parcelable$Creator *;
}

#如果引用了v4或者v7包
-dontwarn android.support.**

####混淆保护自己项目的部分代码以及引用的第三方jar包library-end####

#保持 native 方法不被混淆
-keepclasseswithmembernames class * {
    native <methods>;
}

#保持自定义控件类不被混淆
-keepclasseswithmembers class * {
    public <init>(android.content.Context, android.util.AttributeSet);
}

#保持自定义控件类不被混淆
-keepclassmembers class * extends android.app.Activity {
   public void *(android.view.View);
}

# 保持哪些类不被混淆
-keep public class * extends android.app.Fragment
-keep public class * extends android.app.Activity
-keep public class * extends android.app.Application
-keep public class * extends android.app.Service
-keep public class * extends android.content.BroadcastReceiver
-keep public class * extends android.content.ContentProvider
-keep public class * extends android.app.backup.BackupAgentHelper
-keep public class * extends android.preference.Preference
-keep public class com.android.vending.licensing.ILicensingService
#如果有引用v4包可以添加下面这行
-keep public class * extends android.support.v4.app.Fragment

-keepclassmembers class fqcn.of.javascript.interface.for.webview {
   public *;
}

## 保持自定义实体类不被混淆
-keep class com.m3man.data.model.** { *; }
-keep class com.m3man.data.db.** { *; }
## greenDao ##
-keepclassmembers class * extends org.greenrobot.greendao.AbstractDao {
public static java.lang.String TABLENAME;
}
-keep class **$Properties

# If you do not use SQLCipher:
-dontwarn org.greenrobot.greendao.database.**
# If you do not use Rx:
-dontwarn rx.**

-keepclassmembers class * extends org.greenrobot.greendao.AbstractDao {
    public static void dropTable(org.greenrobot.greendao.database.Database, boolean);
    public static void createTable(org.greenrobot.greendao.database.Database, boolean);
}
## Glide ###
-keep public class * implements com.bumptech.glide.module.GlideModule
-keep public class * extends com.bumptech.glide.module.AppGlideModule
-keep public enum com.bumptech.glide.load.resource.bitmap.ImageHeaderParser$** {
  **[] $VALUES;
  public *;
}
### EventBus ##
-keepattributes *Annotation*
-keepclassmembers class ** {
    @org.greenrobot.eventbus.Subscribe <methods>;
}
-keep enum org.greenrobot.eventbus.ThreadMode { *; }

# Only required if you use AsyncExecutor
-keepclassmembers class * extends org.greenrobot.eventbus.util.ThrowableFailureEvent {
    <init>(java.lang.Throwable);
}
### BaseRecyclerViewAdapterHelper ###
-keep class com.chad.library.adapter.** {
*;
}
-keep public class * extends com.chad.library.adapter.base.BaseQuickAdapter
-keep public class * extends com.chad.library.adapter.base.BaseViewHolder
-keepclassmembers  class **$** extends com.chad.library.adapter.base.BaseViewHolder {
     <init>(...);
}
### Safe Java-JS WebView Bridge ###
-keepclassmembers class com.u91mman.data.model.HostJsScope$RetJavaObj{ *; }
-keepclassmembers class com.u91mman.data.model.HostJsScope{ *; }

### AndroidPicker https://github.com/gzu-liyujiang/AndroidPicker
-keepattributes InnerClasses,Signature
-keepattributes *Annotation*

-keep class cn.qqtheme.framework.entity.** { *;}


#基线包使用，生成mapping.txt
-printmapping mapping.txt
#生成的mapping.txt在app/build/outputs/mapping/release路径下，移动到/app路径下
#修复后的项目使用，保证混淆结果一致
#-applymapping mapping.txt
#hotfix
-keep class com.taobao.sophix.**{*;}
-keep class com.ta.utdid2.device.**{*;}
#防止inline
-dontoptimize
-dontwarn com.alibaba.sdk.android.utils.**
-dontwarn cn.qqtheme.framework.util.**