app/seeds.txt
com.m3man.data.model.FavoriteJsonResult$AttributesBean
com.m3man.ui.mman9video.play.BasePlayVideo_ViewBinding
com.m3man.data.db.entity.AutoCompleteEntityDao
com.m3man.ui.axgle.search.SearchAxgleVideoActivity_ViewBinding
com.m3man.adapter.KeDouAdapter
com.m3man.adapter.DownloadVideoAdapter
com.m3man.ui.mman9video.author.AuthorFavoriteActivity_ViewBinding
com.m3man.data.model.axgle.AxgleResponse
com.m3man.data.model.ProxyModel$ProxyType
com.m3man.ui.about.AboutActivity
com.m3man.ui.BaseFragment
com.m3man.data.model.pxgav.PxgavLoadMoreResponse$DataBean
com.m3man.ui.mman9video.favorite.PornyFavoriteActivity
com.m3man.data.db.entity.VideoResult
com.m3man.data.model.Notice
com.m3man.data.db.entity.DaoMaster
com.m3man.ui.update.UpdateActivity$State
com.m3man.data.db.DbHelper
com.m3man.data.model.VideoCommentResult$AttributesBean
com.m3man.adapter.SkipPageAdapter
com.m3man.ui.mman9video.search.SearchPornyActivity
com.m3man.ui.setting.SettingActivity
com.m3man.ui.pxgav.playpxgav.PlayPxgavActivity_ViewBinding
com.m3man.ui.mman9video.play.ExoMediaPlayerActivity
com.m3man.data.model.pxgav.PxgavResultWithBlockId
com.m3man.ui.setting.SettingActivity_ViewBinding
com.m3man.service.UpdateDownloadService
com.m3man.exception.MessageException
com.m3man.ui.mman9video.comment.CommentFragment
com.m3man.adapter.V91MmanAdapter
com.m3man.ui.kedouwo.MainKeDouFragment
com.m3man.data.model.pxgav.PxgavFormRequest
com.m3man.ui.mman9video.search.SearchActivity
com.m3man.data.db.entity.DaoMaster$DevOpenHelper
com.m3man.data.db.entity.AutoCompleteEntityDao$Properties
com.m3man.data.model.pxgav.PxgavVideoParserJsonResult
com.m3man.ui.forumt6y.T6yFragment
com.m3man.data.model.BaseResult$ResultCode
com.m3man.ui.download.DownloadingFragment
com.m3man.ui.kedouwo.play.KeDouPlayActivity_ViewBinding
com.m3man.ui.mman9video.search.SearchPornyActivity_ViewBinding
com.m3man.widget.IpInputEditText
com.m3man.data.db.entity.AuthorFavorite
com.m3man.data.model.HostJsScope$RetJavaObj
com.m3man.adapter.SortCategoryAdapter
com.m3man.data.model.HostJsScope$OnImageClick
com.m3man.data.model.pxgav.PxgavLoadMoreResponse$DataBean$ArgsBean
com.m3man.data.db.entity.CategoryDao$Properties
com.m3man.data.model.User_Factory
com.m3man.service.DownloadVideoService
com.m3man.ui.main.MainActivity
com.m3man.adapter.HistoryAdapter
com.m3man.adapter.ProxyAdapter
com.m3man.ui.proxy.ProxySettingActivity_ViewBinding
com.m3man.ui.mman9video.user.UserLoginActivity
com.m3man.ui.MvpFragment
com.m3man.data.db.MySQLiteOpenHelper
com.m3man.utils.MyAppGlideModule
com.m3man.ui.kedouwo.play.KeDouPlayActivity
com.m3man.ui.main.MainActivity_ViewBinding
com.m3man.ui.BaseAppCompatActivity
com.m3man.data.model.FavoriteJsonResult$AddFavMessageBean
com.m3man.behavior.BottomBehavior
com.m3man.ui.update.UpdateActivity
com.m3man.ui.mman9video.history.HistoryActivity_ViewBinding
com.m3man.adapter.VideoCommentAdapter
com.m3man.data.db.entity.VideoResultDao
com.m3man.ui.mman9video.favorite.FavoriteFragment
com.m3man.data.model.HostJsScope$1
com.m3man.ui.download.FinishedFragment_ViewBinding
com.m3man.ui.pxgav.PxgavFragment_ViewBinding
com.m3man.data.db.MySQLiteOpenHelper$1
com.m3man.ui.download.DownloadActivity
com.m3man.data.db.entity.AuthorFavoriteDao
com.m3man.ui.mman9video.user.UserLoginActivity_ViewBinding
com.m3man.ui.mman9video.author.AuthorFragment_ViewBinding
com.m3man.data.model.VideoCommentResult$ABean$AttributesBeanX
com.m3man.ui.mman9video.index.IndexFragment_ViewBinding
com.m3man.data.model.VideoCommentResult
com.m3man.data.db.AppDbHelper
com.m3man.ui.download.DownloadingFragment_ViewBinding
com.m3man.ui.mman9video.author.AuthorFavoriteAdapter
com.m3man.ui.kedouwo.KeDouFragment
com.m3man.ui.download.FinishedFragment
com.m3man.data.db.entity.Category
com.m3man.ui.mman9video.history.HistoryActivity
com.m3man.ui.basemain.BaseMainFragment
com.m3man.ui.pxgav.MainPxgavFragment
com.m3man.ui.mman9video.play.JiaoZiVideoPlayerActivity
com.m3man.data.model.pxgav.PxgavLoadMoreResponse
...
com.tencent.bugly.proguard.z: android.content.SharedPreferences a(java.lang.String,android.content.Context)
okhttp3.internal.http2.Http2Writer: void close()
ru.noties.markwon.html.impl.jsoup.parser.TokeniserState$44: void read(ru.noties.markwon.html.impl.jsoup.parser.Tokeniser,ru.noties.markwon.html.impl.jsoup.parser.CharacterReader)
org.slf4j.helpers.NamedLoggerBase: boolean isWarnEnabled(org.slf4j.Marker)
io.reactivex.internal.observers.BasicIntQueueDisposable: void clear()
butterknife.ButterKnife: butterknife.Unbinder bind(java.lang.Object,android.view.View)
okhttp3.internal.connection.RealConnection: okhttp3.Request createTunnelRequest()
com.chad.library.adapter.base.BaseQuickAdapter: void startAnim(android.animation.Animator,int)
android.support.design.widget.CollapsingToolbarLayout: int getExpandedTitleMarginBottom()
okhttp3.OkHttpClient$Builder: OkHttpClient$Builder()
com.chad.library.adapter.base.BaseSectionQuickAdapter: void convertHead(com.chad.library.adapter.base.BaseViewHolder,com.chad.library.adapter.base.entity.SectionEntity)
okhttp3.internal.http1.Http1Codec: okio.Sink createRequestBody(okhttp3.Request,long)
com.tencent.bugly.crashreport.common.info.b: java.lang.String j(android.content.Context)
butterknife.ViewCollections: void run(android.view.View,butterknife.Action[])
io.reactivex.internal.util.ExceptionHelper$Termination: ExceptionHelper$Termination()
com.tencent.bugly.proguard.i: com.tencent.bugly.proguard.k a(com.tencent.bugly.proguard.k,int,boolean)
org.jsoup.parser.TokeniserState$34: void read(org.jsoup.parser.Tokeniser,org.jsoup.parser.CharacterReader)
com.devbrackets.android.exomedia.ui.widget.VideoView: void setVideoRotation(int)
okhttp3.internal.cache.DiskLruCache: boolean journalRebuildRequired()
org.slf4j.Marker: boolean hasReferences()
io.reactivex.subjects.PublishSubject$PublishDisposable: PublishSubject$PublishDisposable(io.reactivex.Observer,io.reactivex.subjects.PublishSubject)
okhttp3.internal.proxy.NullProxySelector: NullProxySelector()
com.chad.library.adapter.base.loadmore.LoadMoreView: int getLoadEndViewId()
com.tencent.bugly.crashreport.crash.b: java.util.List a()
com.flymegoc.exolibrary.widget.ExoVideoView: long getDuration()
android.support.graphics.drawable.VectorDrawableCompat$VGroup: void setTranslateY(float)
okhttp3.internal.cache.DiskLruCache$3: boolean hasNext()
com.devbrackets.android.exomedia.core.video.exo.ExoSurfaceVideoView: void setListenerMux(com.devbrackets.android.exomedia.core.ListenerMux)
com.qmuiteam.qmui.widget.QMUICollapsingTopBarLayout: void setScrimAlpha(int)
com.chad.library.adapter.base.BaseMultiItemQuickAdapter: int getDefItemViewType(int)
android.support.design.widget.CheckableImageButton: void setChecked(boolean)
com.chad.library.adapter.base.entity.AbstractExpandableItem: boolean isExpanded()
com.qmuiteam.qmui.qqface.QMUIQQFaceView: int getGravity()
org.slf4j.helpers.NamedLoggerBase: boolean isDebugEnabled()
com.chad.library.adapter.base.callback.ItemDragAndSwipeCallback: void onSelectedChanged(android.support.v7.widget.RecyclerView$ViewHolder,int)
io.reactivex.internal.operators.observable.ObservableTakeUntil$TakeUntilMainObserver: void otherError(java.lang.Throwable)
io.reactivex.internal.operators.flowable.FlowableOnBackpressureError$BackpressureErrorSubscriber: void onNext(java.lang.Object)
okhttp3.internal.http2.Huffman: void buildTree()
okhttp3.internal.cache2.Relay: void writeHeader(okio.ByteString,long,long)
okhttp3.Interceptor$Chain: okhttp3.Call call()
okhttp3.internal.cache2.Relay$RelaySource: void close()
android.support.design.button.MaterialButton: void setSupportBackgroundTintList(android.content.res.ColorStateList)
okhttp3.internal.connection.StreamAllocation: void acquire(okhttp3.internal.connection.RealConnection,boolean)
org.slf4j.impl.AndroidLoggerAdapter: void trace(java.lang.String,java.lang.Object[])
okhttp3.internal.http.HttpHeaders: boolean hasVaryAll(okhttp3.Response)