app/mapping.txt
# compiler: R8
# compiler_version: 4.0.52
# min_api: 19
# common_typos_disable
# {"id":"com.android.tools.r8.mapping","version":"2.1"}
# pg_map_id: da152d1
# pg_map_hash: SHA-256 da152d115a8aaf78769fc573f4c3cfe59e744b13ce5b0bb3653c2e298698d36e
com.m3man.MyApplication -> com.m3man.MyApplication:
    com.m3man.MyApplication myApplication -> k
    com.m3man.data.DataManager dataManager -> h
    java.lang.String TAG -> j
    com.m3man.data.network.okhttp.MyProxySelector myProxySelector -> i
    dagger.android.AndroidInjector applicationInjector() -> f
    com.m3man.data.DataManager getDataManager() -> m
    com.m3man.MyApplication getInstance() -> n
    void initFileDownload() -> o
    void initLoadingHelper() -> p
    void initNightMode() -> q
com.m3man.MyApplication_MembersInjector -> com.m3man.a:
    void injectDataManager(com.m3man.MyApplication,com.m3man.data.DataManager) -> a
    void injectMyProxySelector(com.m3man.MyApplication,com.m3man.data.network.okhttp.MyProxySelector) -> b
com.m3man.adapter.AxgleAdapter -> com.m3man.adapter.AxgleAdapter:
    void convert(com.chad.library.adapter.base.BaseViewHolder,com.m3man.data.model.axgle.AxgleVideo) -> a
com.m3man.adapter.BaseMainFragmentAdapter -> f5.a:
    java.util.List categoryList -> f
    android.support.v4.app.FragmentTransaction mCurTransaction -> h
    boolean isDestroy -> j
    int categoryType -> g
    android.support.v4.app.FragmentManager mFragmentManager -> i
    void destroyItem(android.view.ViewGroup,int,java.lang.Object) -> b
    void finishUpdate(android.view.ViewGroup) -> d
    int getCount() -> e
    int getItemPosition(java.lang.Object) -> f
    java.lang.CharSequence getPageTitle(int) -> g
    android.support.v4.app.Fragment getItem(int) -> v
    long getItemId(int) -> w
    android.support.v4.app.Fragment buildFragmentItem(int,int) -> y
    void setDestroy(boolean) -> z
com.m3man.adapter.DownloadFragmentAdapter -> f5.b:
    java.util.List fragmentList -> f
    int getCount() -> e
    java.lang.CharSequence getPageTitle(int) -> g
    android.support.v4.app.Fragment getItem(int) -> v
    void setData(java.util.List) -> y
com.m3man.adapter.DownloadVideoAdapter -> com.m3man.adapter.DownloadVideoAdapter:
    void convert(com.chad.library.adapter.base.BaseViewHolder,com.m3man.data.db.entity.V9MmanItem) -> a
com.m3man.adapter.FavoriteAdapter -> com.m3man.adapter.FavoriteAdapter:
    void convert(com.chad.library.adapter.base.BaseViewHolder,com.m3man.data.db.entity.V9MmanItem) -> a
com.m3man.adapter.HistoryAdapter -> com.m3man.adapter.HistoryAdapter:
    void convert(com.chad.library.adapter.base.BaseViewHolder,com.m3man.data.db.entity.V9MmanItem) -> a
com.m3man.adapter.KeDouAdapter -> com.m3man.adapter.KeDouAdapter:
    void convert(com.chad.library.adapter.base.BaseViewHolder,com.m3man.data.model.kedouwo.KeDouModel) -> a
    java.lang.String getTitleWithDuration(com.m3man.data.model.kedouwo.KeDouModel) -> b
com.m3man.adapter.PlayFragmentAdapter -> f5.c:
    java.util.List fragmentList -> f
    int getCount() -> e
    java.lang.CharSequence getPageTitle(int) -> g
    android.support.v4.app.Fragment getItem(int) -> v
    void setData(java.util.List) -> y
com.m3man.adapter.ProxyAdapter -> com.m3man.adapter.ProxyAdapter:
    int clickPosition -> a
    void convert(com.chad.library.adapter.base.BaseViewHolder,com.m3man.data.model.ProxyModel) -> a
    void setClickPosition(int) -> b
com.m3man.adapter.PxgavAdapter -> com.m3man.adapter.PxgavAdapter:
    void convert(com.chad.library.adapter.base.BaseViewHolder,com.m3man.data.model.pxgav.PxgavModel) -> a
com.m3man.adapter.SkipPageAdapter -> com.m3man.adapter.SkipPageAdapter:
    int currentPage -> a
    void convert(com.chad.library.adapter.base.BaseViewHolder,java.lang.Integer) -> a
    void setCurrentPage(int) -> b
...
org.commonmark.internal.util.Escaping$2 -> t8.a$b:
    void replace(java.lang.String,java.lang.StringBuilder) -> a
org.commonmark.internal.util.Escaping$3 -> t8.a$c:
    void replace(java.lang.String,java.lang.StringBuilder) -> a
org.commonmark.internal.util.Escaping$Replacer -> t8.a$d:
    void replace(java.lang.String,java.lang.StringBuilder) -> a
org.commonmark.internal.util.Html5Entities -> t8.b:
    java.util.Map NAMED_CHARACTER_REFERENCES -> a
    java.util.regex.Pattern NUMERIC_PATTERN -> b
    java.lang.String entityToString(java.lang.String) -> a
    java.util.Map readEntities() -> b
org.commonmark.internal.util.Parsing -> t8.c:
    int CODE_BLOCK_INDENT -> a
    int columnsToNextTabStop(int) -> a
    int find(char,java.lang.CharSequence,int) -> b
    int findLineBreak(java.lang.CharSequence,int) -> c
    int findNonSpace(java.lang.CharSequence,int) -> d
    boolean isBlank(java.lang.CharSequence) -> e
    boolean isLetter(java.lang.CharSequence,int) -> f
    boolean isSpaceOrTab(java.lang.CharSequence,int) -> g
    java.lang.CharSequence prepareLine(java.lang.CharSequence) -> h
    int skip(char,java.lang.CharSequence,int,int) -> i
    int skipBackwards(char,java.lang.CharSequence,int,int) -> j
    int skipSpaceTab(java.lang.CharSequence,int,int) -> k
    int skipSpaceTabBackwards(java.lang.CharSequence,int,int) -> l
org.commonmark.node.AbstractVisitor -> u8.a:
    void visit(org.commonmark.node.CustomNode) -> f
    void visit(org.commonmark.node.CustomBlock) -> k
    void visit(org.commonmark.node.Document) -> q
    void visitChildren(org.commonmark.node.Node) -> w
org.commonmark.node.Block -> u8.b:
    org.commonmark.node.Node getParent() -> f
    void setParent(org.commonmark.node.Node) -> i
    org.commonmark.node.Block getParent() -> l
org.commonmark.node.BlockQuote -> u8.c:
    void accept(org.commonmark.node.Visitor) -> a
org.commonmark.node.BulletList -> u8.d:
    char bulletMarker -> g
    void accept(org.commonmark.node.Visitor) -> a
    char getBulletMarker() -> o
    void setBulletMarker(char) -> p
org.commonmark.node.Code -> u8.e:
    java.lang.String literal -> f
    void accept(org.commonmark.node.Visitor) -> a
    java.lang.String getLiteral() -> l
    void setLiteral(java.lang.String) -> m
org.commonmark.node.CustomBlock -> u8.f:
    void accept(org.commonmark.node.Visitor) -> a
org.commonmark.node.CustomNode -> u8.g:
    void accept(org.commonmark.node.Visitor) -> a
org.commonmark.node.Document -> u8.h:
    void accept(org.commonmark.node.Visitor) -> a
org.commonmark.node.Emphasis -> u8.i:
    java.lang.String delimiter -> f
    void accept(org.commonmark.node.Visitor) -> a
org.commonmark.node.FencedCodeBlock -> u8.j:
    java.lang.String info -> i
    java.lang.String literal -> j
    int fenceIndent -> h
    int fenceLength -> g
    char fenceChar -> f
    void accept(org.commonmark.node.Visitor) -> a
    char getFenceChar() -> m
    int getFenceIndent() -> n
    int getFenceLength() -> o
    java.lang.String getInfo() -> p
    java.lang.String getLiteral() -> q
    void setFenceChar(char) -> r
    void setFenceIndent(int) -> s
    void setFenceLength(int) -> t
    void setInfo(java.lang.String) -> u
    void setLiteral(java.lang.String) -> v
org.commonmark.node.HardLineBreak -> u8.k:
    void accept(org.commonmark.node.Visitor) -> a
org.commonmark.node.Heading -> u8.l:
    int level -> f
    void accept(org.commonmark.node.Visitor) -> a
    int getLevel() -> m
    void setLevel(int) -> n
org.commonmark.node.HtmlBlock -> u8.m:
    java.lang.String literal -> f
    void accept(org.commonmark.node.Visitor) -> a
    java.lang.String getLiteral() -> m
    void setLiteral(java.lang.String) -> n
org.commonmark.node.HtmlInline -> u8.n:
    java.lang.String literal -> f
    void accept(org.commonmark.node.Visitor) -> a
    java.lang.String getLiteral() -> l
    void setLiteral(java.lang.String) -> m