app/unused.txt
com.m3man.BuildConfig
com.m3man.MyApplication_MembersInjector:
    private final javax.inject.Provider activityInjectorProvider
    private final javax.inject.Provider broadcastReceiverInjectorProvider
    private final javax.inject.Provider contentProviderInjectorProvider
    private final javax.inject.Provider dataManagerProvider
    private final javax.inject.Provider fragmentInjectorProvider
    private final javax.inject.Provider myProxySelectorProvider
    private final javax.inject.Provider serviceInjectorProvider
    private final javax.inject.Provider supportFragmentInjectorProvider
    public void <init>(javax.inject.Provider,javax.inject.Provider,javax.inject.Provider,javax.inject.Provider,javax.inject.Provider,javax.inject.Provider,javax.inject.Provider,javax.inject.Provider)
    public static dagger.MembersInjector create(javax.inject.Provider,javax.inject.Provider,javax.inject.Provider,javax.inject.Provider,javax.inject.Provider,javax.inject.Provider,javax.inject.Provider,javax.inject.Provider)
    public void injectMembers(com.m3man.MyApplication)
    public synthetic bridge void injectMembers(java.lang.Object)
com.m3man.R$anim
com.m3man.R$animator
com.m3man.R$array
com.m3man.R$attr
com.m3man.R$bool
com.m3man.R$color
com.m3man.R$dimen
com.m3man.R$drawable
com.m3man.R$id
com.m3man.R$integer
com.m3man.R$interpolator
com.m3man.R$layout
com.m3man.R$menu
com.m3man.R$mipmap
com.m3man.R$string
com.m3man.R$style
com.m3man.R$styleable
com.m3man.R$xml
com.m3man.R
com.m3man.adapter.BaseHeaderAdapter:
    public static final int TYPE_DATA
    public static final int TYPE_HEADER
    public void <init>(java.util.List)
    protected abstract void addItemTypes()
com.m3man.adapter.BaseMainFragmentAdapter:
    public boolean isDestroy()
com.m3man.adapter.DownloadFragmentAdapter_Factory
com.m3man.adapter.PlayFragmentAdapter_Factory
com.m3man.adapter.VideoCommentAdapter:
    public int getClickPosition()
com.m3man.constants.Constants
com.m3man.constants.Keys
com.m3man.constants.KeysActivityRequestResultCode
com.m3man.constants.PermissionConstants$Permission
com.m3man.constants.PermissionConstants:
    public static final java.lang.String CALENDAR
    public static final java.lang.String CAMERA
    public static final java.lang.String CONTACTS
    public static final java.lang.String LOCATION
    public static final java.lang.String MICROPHONE
    public static final java.lang.String PHONE
    public static final java.lang.String SENSORS
    public static final java.lang.String SMS
    public static final java.lang.String STORAGE
    public void <init>()
com.m3man.constants.RegexConstants
com.m3man.cookie.AppCookieManager_Factory:
    public static com.m3man.cookie.AppCookieManager newAppCookieManager(com.m3man.cookie.SharedPrefsCookiePersistor,com.m3man.cookie.SetCookieCache,com.franmontiel.persistentcookiejar.PersistentCookieJar)
com.m3man.cookie.RulerCookie:
    private static final java.lang.String VIDEO_PATH
com.m3man.data.AppDataManager:
    public java.lang.String getMainSecondTabShow()
    public java.lang.String getMman9ProxyCookie()
    public boolean isMman9VideoUserAutoLogin()
    public io.reactivex.Observable searchAxgleJavVideo(java.lang.String,int)
    public io.reactivex.Observable searchPornyVideos(java.lang.String,int)
    public void setMainSecondTabShow(java.lang.String)
    public void setMman9ProxyCookie(java.lang.String)
    public io.reactivex.Observable videoListLatest(int)
    public io.reactivex.Observable videoListPopular(int)
    public io.reactivex.Observable videoListTop(int)
com.m3man.data.AppDataManager_Factory:
    public static com.m3man.data.AppDataManager newAppDataManager(com.m3man.data.db.DbHelper,com.m3man.data.prefs.PreferencesHelper,com.m3man.data.network.ApiHelper,com.danikula.videocache.HttpProxyCacheServer,com.m3man.cookie.CookieManager,com.m3man.data.model.User)
com.m3man.data.DataManager:
    public abstract void resetKeDouWoVideoWatchTime()
...
io.rx_cache2.internal.cache.memory.apache.MapIterator:
    public abstract java.lang.Object getKey()
    public abstract void remove()
    public abstract java.lang.Object setValue(java.lang.Object)
io.rx_cache2.internal.cache.memory.apache.Put
io.rx_cache2.internal.cache.memory.apache.ResettableIterator:
    public abstract void reset()
io.rx_cache2.internal.encrypt.BuiltInEncryptor:
    private static final int FILE_BUF
    private static final int KEY_LENGTH
io.rx_cache2.internal.encrypt.FileEncryptor:
    private static final java.lang.String SUFFIX_TMP
io.rx_cache2.internal.migration.CacheVersion:
    protected static final java.lang.String KEY_CACHE_VERSION
io.rx_cache2.internal.migration.DeleteRecordMatchingClassName_Factory
io.rx_cache2.internal.migration.DoMigrations_Factory
io.rx_cache2.internal.migration.GetCacheVersion_Factory
io.rx_cache2.internal.migration.GetClassesToEvictFromMigrations_Factory
io.rx_cache2.internal.migration.GetPendingMigrations_Factory
io.rx_cache2.internal.migration.UpgradeCacheVersion_Factory
io.victoralbertos.jolyglot.GsonSpeaker:
    public void <init>(com.google.gson.Gson)
    public java.lang.Object fromJson(java.lang.String,java.lang.Class)
io.victoralbertos.jolyglot.Jolyglot:
    public abstract java.lang.Object fromJson(java.lang.String,java.lang.Class)
io.victoralbertos.jolyglot.Types:
    private void <init>()
    static java.lang.reflect.Type arrayComponentType(java.lang.reflect.Type)
    public static java.lang.reflect.Type collectionElementType(java.lang.reflect.Type,java.lang.Class)
    private static java.lang.Class declaringClassOf(java.lang.reflect.TypeVariable)
    static java.lang.reflect.Type getGenericSuperclass(java.lang.reflect.Type)
    static java.lang.reflect.Type getGenericSupertype(java.lang.reflect.Type,java.lang.Class,java.lang.Class)
    public static java.lang.Class getRawType(java.lang.reflect.Type)
    static java.lang.reflect.Type getSupertype(java.lang.reflect.Type,java.lang.Class,java.lang.Class)
    private static int indexOf(java.lang.Object[],java.lang.Object)
    static java.lang.reflect.Type[] mapKeyAndValueTypes(java.lang.reflect.Type,java.lang.Class)
    static java.lang.reflect.Type resolve(java.lang.reflect.Type,java.lang.Class,java.lang.reflect.Type)
    static java.lang.reflect.Type resolveTypeVariable(java.lang.reflect.Type,java.lang.Class,java.lang.reflect.TypeVariable)
    public static java.lang.reflect.WildcardType subtypeOf(java.lang.reflect.Type)
    public static java.lang.reflect.WildcardType supertypeOf(java.lang.reflect.Type)
javax.annotation.Generated
javax.annotation.PostConstruct
javax.annotation.PreDestroy
javax.annotation.Resource$AuthenticationType
javax.annotation.Resource
javax.annotation.Resources
javax.annotation.security.DeclareRoles
javax.annotation.security.DenyAll
javax.annotation.security.PermitAll
javax.annotation.security.RolesAllowed
javax.annotation.security.RunAs
javax.inject.Inject
javax.inject.Named
javax.inject.Qualifier
javax.inject.Scope
javax.inject.Singleton
okio.Base64:
    private void <init>()
okio.Buffer$1
okio.Buffer$UnsafeCursor:
    public final long expandBuffer(int)
    public final long resizeBuffer(long)